<?xml version="1.0" encoding="utf-8"?><testsuites name="pytest tests"><testsuite name="pytest" errors="0" failures="1" skipped="0" tests="49" time="98.208" timestamp="2026-04-27T17:26:33.575534+00:00" hostname="89e1707b8b02"><testcase classname="api.test_01_setup.TestServiceConnectivity" name="test_noted_reachable" time="95.072" /><testcase classname="api.test_01_setup.TestServiceConnectivity" name="test_noted_serves_frontend" time="0.001" /><testcase classname="api.test_01_setup.TestMLflowAccess" name="test_mlflow_experiments_endpoint" time="0.010" /><testcase classname="api.test_01_setup.TestAirflowAccess" name="test_airflow_health" time="0.006" /><testcase classname="api.test_01_setup.TestAirflowAccess" name="test_airflow_dags_list" time="0.009" /><testcase classname="api.test_01_setup.TestMinIOAccess" name="test_minio_buckets" time="0.063" /><testcase classname="api.test_01_setup.TestMountConfiguration" name="test_mounts_config" time="0.002" /><testcase classname="api.test_01_setup.TestProjectAccess" name="test_project_listing" time="0.002" /><testcase classname="api.test_01_setup.TestProjectAccess" name="test_project_has_scaffold" time="0.001" /><testcase classname="api.test_02_notebooks.TestNotebookCRUD" name="test_read_scaffold_notebook" time="0.001" /><testcase classname="api.test_02_notebooks.TestNotebookCRUD" name="test_create_notebook" time="0.003" /><testcase classname="api.test_02_notebooks.TestNotebookCRUD" name="test_notebook_save_preserves_cells" time="0.003" /><testcase classname="api.test_02_notebooks.TestVirtualEnvironments" name="test_list_runtimes" time="0.001" /><testcase classname="api.test_02_notebooks.TestVirtualEnvironments" name="test_list_venvs" time="0.002" /><testcase classname="api.test_03_git.TestGitStatus" name="test_repo_initialized" time="0.005" /><testcase classname="api.test_03_git.TestGitStatus" name="test_repo_has_branch" time="0.004" /><testcase classname="api.test_03_git.TestGitCommit" name="test_commit_new_file" time="0.267" /><testcase classname="api.test_03_git.TestGitBranches" name="test_list_branches" time="0.004" /><testcase classname="api.test_03_git.TestGitBranches" name="test_create_and_delete_branch" time="0.549" /><testcase classname="api.test_03_git.TestGitTags" name="test_create_and_list_tag" time="0.008" /><testcase classname="api.test_04_github.TestRemotes" name="test_list_remotes" time="0.002" /><testcase classname="api.test_04_github.TestRemotes" name="test_add_remote_validation" time="0.002" /><testcase classname="api.test_04_github.TestRemotes" name="test_add_remote_contract" time="0.003" /><testcase classname="api.test_04_github.TestPushPull" name="test_push_no_remote_fails_gracefully" time="0.003" /><testcase classname="api.test_04_github.TestPushPull" name="test_pull_no_remote_fails_gracefully" time="0.008" /><testcase classname="api.test_04_github.TestPushPull" name="test_remote_branches_endpoint" time="0.110" /><testcase classname="api.test_05_dvc.TestDVCStatus" name="test_dvc_status_endpoint" time="0.001" /><testcase classname="api.test_05_dvc.TestDVCTrack" name="test_track_data_file" time="1.295" /><testcase classname="api.test_05_dvc.TestDVCPushPull" name="test_dvc_push" time="0.337" /><testcase classname="api.test_05_dvc.TestDVCCloudStatus" name="test_cloud_status_endpoint" time="0.002" /><testcase classname="api.test_07_metrics.TestMLflowRuns" name="test_list_experiments" time="0.011" /><testcase classname="api.test_07_metrics.TestMLflowRuns" name="test_experiment_runs_endpoint" time="0.042" /><testcase classname="api.test_07_metrics.TestArtifacts" name="test_artifact_endpoint_exists" time="0.013" /><testcase classname="api.test_09_dvc_versions.TestDVCFileHistory" name="test_file_history_endpoint" time="0.002" /><testcase classname="api.test_09_dvc_versions.TestDVCCheckout" name="test_checkout_endpoint_exists" time="0.001" /><testcase classname="api.test_10_files.TestFileBrowsing" name="test_list_project_files" time="0.002" /><testcase classname="api.test_10_files.TestFileBrowsing" name="test_list_subdirectory" time="0.001" /><testcase classname="api.test_10_files.TestFileBrowsing" name="test_read_file" time="0.001" /><testcase classname="api.test_10_files.TestFileWriteAndDelete" name="test_write_read_delete" time="0.004" /><testcase classname="api.test_10_files.TestFileWriteAndDelete" name="test_create_directory" time="0.005" /><testcase classname="api.test_10_files.TestDataOverview" name="test_data_overview" time="0.001" /><testcase classname="api.test_11_run_comparison.TestRunDetail" name="test_run_detail_endpoint" time="0.060" /><testcase classname="api.test_11_run_comparison.TestRunDetail" name="test_metric_history" time="0.034" /><testcase classname="api.test_11_run_comparison.TestRunComparison" name="test_compare_two_runs" time="0.041" /><testcase classname="api.test_12_hydra.TestHydraSchema" name="test_schema_endpoint" time="0.003" /><testcase classname="api.test_12_hydra.TestHydraSchema" name="test_schema_has_model_group" time="0.002" /><testcase classname="api.test_12_hydra.TestHydraCompose" name="test_compose_default" time="0.002" /><testcase classname="api.test_12_hydra.TestHydraCompose" name="test_compose_with_group_selection" time="0.002" /><testcase classname="api.test_12_hydra.TestHydraCompose" name="test_compose_single_group_includes_all_defaults" time="0.030"><failure message="AssertionError: assert 'data' in {'model': {'params': {'dropout': 0.2, 'units1': 128, 'units2': 64}, 'type': 'gru'}, 'training': {'batch_size': 32, 'epochs': 10, 'learning_rate': 0.001}}">api/test_12_hydra.py:69: in test_compose_single_group_includes_all_defaults
    assert "data" in resolved
E   AssertionError: assert 'data' in {'model': {'params': {'dropout': 0.2, 'units1': 128, 'units2': 64}, 'type': 'gru'}, 'training': {'batch_size': 32, 'epochs': 10, 'learning_rate': 0.001}}</failure></testcase></testsuite></testsuites>